This is pdfTeX, Version 3.141592653-2.6-1.40.24 (TeX Live 2022) (preloaded format=pdflatex 2022.5.7)  8 MAY 2022 16:49
entering extended mode
 restricted \write18 enabled.
 %&-line parsing enabled.
**MJ-Book.tex
(./MJ-Book.tex
LaTeX2e <2021-11-15> patch level 1
L3 programming layer <2022-05-04> (c:/Users/James Lin/AppData/Roaming/TinyTeX/texmf-dist/tex/latex/base/book.cls
Document Class: book 2021/10/04 v1.4n Standard LaTeX document class
(c:/Users/James Lin/AppData/Roaming/TinyTeX/texmf-dist/tex/latex/base/bk10.clo
File: bk10.clo 2021/10/04 v1.4n Standard LaTeX file (size option)
)
\c@part=\count185
\c@chapter=\count186
\c@section=\count187
\c@subsection=\count188
\c@subsubsection=\count189
\c@paragraph=\count190
\c@subparagraph=\count191
\c@figure=\count192
\c@table=\count193
\abovecaptionskip=\skip47
\belowcaptionskip=\skip48
\bibindent=\dimen138
) (c:/Users/James Lin/AppData/Roaming/TinyTeX/texmf-dist/tex/latex/lm/lmodern.sty
Package: lmodern 2015/05/01 v1.6.1 Latin Modern Fonts
LaTeX Font Info:    Overwriting symbol font `operators' in version `normal'
(Font)                  OT1/cmr/m/n --> OT1/lmr/m/n on input line 22.
LaTeX Font Info:    Overwriting symbol font `letters' in version `normal'
(Font)                  OML/cmm/m/it --> OML/lmm/m/it on input line 23.
LaTeX Font Info:    Overwriting symbol font `symbols' in version `normal'
(Font)                  OMS/cmsy/m/n --> OMS/lmsy/m/n on input line 24.
LaTeX Font Info:    Overwriting symbol font `largesymbols' in version `normal'
(Font)                  OMX/cmex/m/n --> OMX/lmex/m/n on input line 25.
LaTeX Font Info:    Overwriting symbol font `operators' in version `bold'
(Font)                  OT1/cmr/bx/n --> OT1/lmr/bx/n on input line 26.
LaTeX Font Info:    Overwriting symbol font `letters' in version `bold'
(Font)                  OML/cmm/b/it --> OML/lmm/b/it on input line 27.
LaTeX Font Info:    Overwriting symbol font `symbols' in version `bold'
(Font)                  OMS/cmsy/b/n --> OMS/lmsy/b/n on input line 28.
LaTeX Font Info:    Overwriting symbol font `largesymbols' in version `bold'
(Font)                  OMX/cmex/m/n --> OMX/lmex/m/n on input line 29.
LaTeX Font Info:    Overwriting math alphabet `\mathbf' in version `normal'
(Font)                  OT1/cmr/bx/n --> OT1/lmr/bx/n on input line 31.
LaTeX Font Info:    Overwriting math alphabet `\mathsf' in version `normal'
(Font)                  OT1/cmss/m/n --> OT1/lmss/m/n on input line 32.
LaTeX Font Info:    Overwriting math alphabet `\mathit' in version `normal'
(Font)                  OT1/cmr/m/it --> OT1/lmr/m/it on input line 33.
LaTeX Font Info:    Overwriting math alphabet `\mathtt' in version `normal'
(Font)                  OT1/cmtt/m/n --> OT1/lmtt/m/n on input line 34.
LaTeX Font Info:    Overwriting math alphabet `\mathbf' in version `bold'
(Font)                  OT1/cmr/bx/n --> OT1/lmr/bx/n on input line 35.
LaTeX Font Info:    Overwriting math alphabet `\mathsf' in version `bold'
(Font)                  OT1/cmss/bx/n --> OT1/lmss/bx/n on input line 36.
LaTeX Font Info:    Overwriting math alphabet `\mathit' in version `bold'
(Font)                  OT1/cmr/bx/it --> OT1/lmr/bx/it on input line 37.
LaTeX Font Info:    Overwriting math alphabet `\mathtt' in version `bold'
(Font)                  OT1/cmtt/m/n --> OT1/lmtt/m/n on input line 38.
) (c:/Users/James Lin/AppData/Roaming/TinyTeX/texmf-dist/tex/latex/amsmath/amsmath.sty
Package: amsmath 2021/10/15 v2.17l AMS math features
\@mathmargin=\skip49
For additional information on amsmath, use the `?' option.
(c:/Users/James Lin/AppData/Roaming/TinyTeX/texmf-dist/tex/latex/amsmath/amstext.sty
Package: amstext 2021/08/26 v2.01 AMS text
(c:/Users/James Lin/AppData/Roaming/TinyTeX/texmf-dist/tex/latex/amsmath/amsgen.sty
File: amsgen.sty 1999/11/30 v2.0 generic functions
\@emptytoks=\toks16
\ex@=\dimen139
)) (c:/Users/James Lin/AppData/Roaming/TinyTeX/texmf-dist/tex/latex/amsmath/amsbsy.sty
Package: amsbsy 1999/11/29 v1.2d Bold Symbols
\pmbraise@=\dimen140
) (c:/Users/James Lin/AppData/Roaming/TinyTeX/texmf-dist/tex/latex/amsmath/amsopn.sty
Package: amsopn 2021/08/26 v2.02 operator names
)
\inf@bad=\count194
LaTeX Info: Redefining \frac on input line 234.
\uproot@=\count195
\leftroot@=\count196
LaTeX Info: Redefining \overline on input line 399.
\classnum@=\count197
\DOTSCASE@=\count198
LaTeX Info: Redefining \ldots on input line 496.
LaTeX Info: Redefining \dots on input line 499.
LaTeX Info: Redefining \cdots on input line 620.
\Mathstrutbox@=\box50
\strutbox@=\box51
\big@size=\dimen141
LaTeX Font Info:    Redeclaring font encoding OML on input line 743.
LaTeX Font Info:    Redeclaring font encoding OMS on input line 744.
\macc@depth=\count199
\c@MaxMatrixCols=\count266
\dotsspace@=\muskip16
\c@parentequation=\count267
\dspbrk@lvl=\count268
\tag@help=\toks17
\row@=\count269
\column@=\count270
\maxfields@=\count271
\andhelp@=\toks18
\eqnshift@=\dimen142
\alignsep@=\dimen143
\tagshift@=\dimen144
\tagwidth@=\dimen145
\totwidth@=\dimen146
\lineht@=\dimen147
\@envbody=\toks19
\multlinegap=\skip50
\multlinetaggap=\skip51
\mathdisplay@stack=\toks20
LaTeX Info: Redefining \[ on input line 2938.
LaTeX Info: Redefining \] on input line 2939.
) (c:/Users/James Lin/AppData/Roaming/TinyTeX/texmf-dist/tex/generic/iftex/ifxetex.sty
Package: ifxetex 2019/10/25 v0.7 ifxetex legacy package. Use iftex instead.
(c:/Users/James Lin/AppData/Roaming/TinyTeX/texmf-dist/tex/generic/iftex/iftex.sty
Package: iftex 2022/02/03 v1.0f TeX engine tests
)) (c:/Users/James Lin/AppData/Roaming/TinyTeX/texmf-dist/tex/generic/iftex/ifluatex.sty
Package: ifluatex 2019/10/25 v1.5 ifluatex legacy package. Use iftex instead.
) (c:/Users/James Lin/AppData/Roaming/TinyTeX/texmf-dist/tex/latex/base/fontenc.sty
Package: fontenc 2021/04/29 v2.0v Standard LaTeX package
LaTeX Font Info:    Trying to load font information for T1+lmr on input line 112.
(c:/Users/James Lin/AppData/Roaming/TinyTeX/texmf-dist/tex/latex/lm/t1lmr.fd
File: t1lmr.fd 2015/05/01 v1.6.1 Font defs for Latin Modern
)) (c:/Users/James Lin/AppData/Roaming/TinyTeX/texmf-dist/tex/latex/base/inputenc.sty
Package: inputenc 2021/02/14 v1.3d Input encoding file
\inpenc@prehook=\toks21
\inpenc@posthook=\toks22
) (c:/Users/James Lin/AppData/Roaming/TinyTeX/texmf-dist/tex/latex/base/textcomp.sty
Package: textcomp 2020/02/02 v2.0n Standard LaTeX package
) (c:/Users/James Lin/AppData/Roaming/TinyTeX/texmf-dist/tex/latex/amsfonts/amssymb.sty
Package: amssymb 2013/01/14 v3.01 AMS font symbols
(c:/Users/James Lin/AppData/Roaming/TinyTeX/texmf-dist/tex/latex/amsfonts/amsfonts.sty
Package: amsfonts 2013/01/14 v3.01 Basic AMSFonts support
\symAMSa=\mathgroup4
\symAMSb=\mathgroup5
LaTeX Font Info:    Redeclaring math symbol \hbar on input line 98.
LaTeX Font Info:    Overwriting math alphabet `\mathfrak' in version `bold'
(Font)                  U/euf/m/n --> U/euf/b/n on input line 106.
)) (c:/Users/James Lin/AppData/Roaming/TinyTeX/texmf-dist/tex/latex/xcolor/xcolor.sty
Package: xcolor 2021/10/31 v2.13 LaTeX color extensions (UK)
(c:/Users/James Lin/AppData/Roaming/TinyTeX/texmf-dist/tex/latex/graphics-cfg/color.cfg
File: color.cfg 2016/01/02 v1.6 sample color configuration
)
Package xcolor Info: Driver file: pdftex.def on input line 227.
(c:/Users/James Lin/AppData/Roaming/TinyTeX/texmf-dist/tex/latex/graphics-def/pdftex.def
File: pdftex.def 2020/10/05 v1.2a Graphics/color driver for pdftex
)
Package xcolor Info: Model `cmy' substituted by `cmy0' on input line 1352.
Package xcolor Info: Model `hsb' substituted by `rgb' on input line 1356.
Package xcolor Info: Model `RGB' extended on input line 1368.
Package xcolor Info: Model `HTML' substituted by `rgb' on input line 1370.
Package xcolor Info: Model `Hsb' substituted by `hsb' on input line 1371.
Package xcolor Info: Model `tHsb' substituted by `hsb' on input line 1372.
Package xcolor Info: Model `HSB' substituted by `hsb' on input line 1373.
Package xcolor Info: Model `Gray' substituted by `gray' on input line 1374.
Package xcolor Info: Model `wave' substituted by `hsb' on input line 1375.
) (c:/Users/James Lin/AppData/Roaming/TinyTeX/texmf-dist/tex/latex/hyperref/hyperref.sty
Package: hyperref 2022-02-21 v7.00n Hypertext links for LaTeX
(c:/Users/James Lin/AppData/Roaming/TinyTeX/texmf-dist/tex/generic/ltxcmds/ltxcmds.sty
Package: ltxcmds 2020-05-10 v1.25 LaTeX kernel commands for general use (HO)
) (c:/Users/James Lin/AppData/Roaming/TinyTeX/texmf-dist/tex/generic/pdftexcmds/pdftexcmds.sty
Package: pdftexcmds 2020-06-27 v0.33 Utility functions of pdfTeX for LuaTeX (HO)
(c:/Users/James Lin/AppData/Roaming/TinyTeX/texmf-dist/tex/generic/infwarerr/infwarerr.sty
Package: infwarerr 2019/12/03 v1.5 Providing info/warning/error messages (HO)
)
Package pdftexcmds Info: \pdf@primitive is available.
Package pdftexcmds Info: \pdf@ifprimitive is available.
Package pdftexcmds Info: \pdfdraftmode found.
) (c:/Users/James Lin/AppData/Roaming/TinyTeX/texmf-dist/tex/latex/graphics/keyval.sty
Package: keyval 2014/10/28 v1.15 key=value parser (DPC)
\KV@toks@=\toks23
) (c:/Users/James Lin/AppData/Roaming/TinyTeX/texmf-dist/tex/generic/kvsetkeys/kvsetkeys.sty
Package: kvsetkeys 2019/12/15 v1.18 Key value parser (HO)
) (c:/Users/James Lin/AppData/Roaming/TinyTeX/texmf-dist/tex/generic/kvdefinekeys/kvdefinekeys.sty
Package: kvdefinekeys 2019-12-19 v1.6 Define keys (HO)
) (c:/Users/James Lin/AppData/Roaming/TinyTeX/texmf-dist/tex/generic/pdfescape/pdfescape.sty
Package: pdfescape 2019/12/09 v1.15 Implements pdfTeX's escape features (HO)
) (c:/Users/James Lin/AppData/Roaming/TinyTeX/texmf-dist/tex/latex/hycolor/hycolor.sty
Package: hycolor 2020-01-27 v1.10 Color options for hyperref/bookmark (HO)
) (c:/Users/James Lin/AppData/Roaming/TinyTeX/texmf-dist/tex/latex/letltxmacro/letltxmacro.sty
Package: letltxmacro 2019/12/03 v1.6 Let assignment for LaTeX macros (HO)
) (c:/Users/James Lin/AppData/Roaming/TinyTeX/texmf-dist/tex/latex/auxhook/auxhook.sty
Package: auxhook 2019-12-17 v1.6 Hooks for auxiliary files (HO)
) (c:/Users/James Lin/AppData/Roaming/TinyTeX/texmf-dist/tex/latex/kvoptions/kvoptions.sty
Package: kvoptions 2020-10-07 v3.14 Key value format for package options (HO)
)
\@linkdim=\dimen148
\Hy@linkcounter=\count272
\Hy@pagecounter=\count273
(c:/Users/James Lin/AppData/Roaming/TinyTeX/texmf-dist/tex/latex/hyperref/pd1enc.def
File: pd1enc.def 2022-02-21 v7.00n Hyperref: PDFDocEncoding definition (HO)
Now handling font encoding PD1 ...
... no UTF-8 mapping file for font encoding PD1
) (c:/Users/James Lin/AppData/Roaming/TinyTeX/texmf-dist/tex/generic/intcalc/intcalc.sty
Package: intcalc 2019/12/15 v1.3 Expandable calculations with integers (HO)
) (c:/Users/James Lin/AppData/Roaming/TinyTeX/texmf-dist/tex/generic/etexcmds/etexcmds.sty
Package: etexcmds 2019/12/15 v1.7 Avoid name clashes with e-TeX commands (HO)
)
\Hy@SavedSpaceFactor=\count274
(c:/Users/James Lin/AppData/Roaming/TinyTeX/texmf-dist/tex/latex/hyperref/puenc.def
File: puenc.def 2022-02-21 v7.00n Hyperref: PDF Unicode definition (HO)
Now handling font encoding PU ...
... no UTF-8 mapping file for font encoding PU
)
Package hyperref Info: Option `unicode' set `true' on input line 4018.
Package hyperref Info: Hyper figures OFF on input line 4137.
Package hyperref Info: Link nesting OFF on input line 4142.
Package hyperref Info: Hyper index ON on input line 4145.
Package hyperref Info: Plain pages OFF on input line 4152.
Package hyperref Info: Backreferencing OFF on input line 4157.
Package hyperref Info: Implicit mode ON; LaTeX internals redefined.
Package hyperref Info: Bookmarks ON on input line 4390.
\c@Hy@tempcnt=\count275
(c:/Users/James Lin/AppData/Roaming/TinyTeX/texmf-dist/tex/latex/url/url.sty
\Urlmuskip=\muskip17
Package: url 2013/09/16  ver 3.4  Verb mode for urls, etc.
)
LaTeX Info: Redefining \url on input line 4749.
\XeTeXLinkMargin=\dimen149
(c:/Users/James Lin/AppData/Roaming/TinyTeX/texmf-dist/tex/generic/bitset/bitset.sty
Package: bitset 2019/12/09 v1.3 Handle bit-vector datatype (HO)
(c:/Users/James Lin/AppData/Roaming/TinyTeX/texmf-dist/tex/generic/bigintcalc/bigintcalc.sty
Package: bigintcalc 2019/12/15 v1.5 Expandable calculations on big integers (HO)
))
\Fld@menulength=\count276
\Field@Width=\dimen150
\Fld@charsize=\dimen151
Package hyperref Info: Hyper figures OFF on input line 6027.
Package hyperref Info: Link nesting OFF on input line 6032.
Package hyperref Info: Hyper index ON on input line 6035.
Package hyperref Info: backreferencing OFF on input line 6042.
Package hyperref Info: Link coloring OFF on input line 6047.
Package hyperref Info: Link coloring with OCG OFF on input line 6052.
Package hyperref Info: PDF/A mode OFF on input line 6057.
LaTeX Info: Redefining \ref on input line 6097.
LaTeX Info: Redefining \pageref on input line 6101.
(c:/Users/James Lin/AppData/Roaming/TinyTeX/texmf-dist/tex/latex/base/atbegshi-ltx.sty
Package: atbegshi-ltx 2021/01/10 v1.0c Emulation of the original atbegshi
package with kernel methods
)
\Hy@abspage=\count277
\c@Item=\count278
\c@Hfootnote=\count279
)
Package hyperref Info: Driver (autodetected): hpdftex.
(c:/Users/James Lin/AppData/Roaming/TinyTeX/texmf-dist/tex/latex/hyperref/hpdftex.def
File: hpdftex.def 2022-02-21 v7.00n Hyperref driver for pdfTeX
(c:/Users/James Lin/AppData/Roaming/TinyTeX/texmf-dist/tex/latex/base/atveryend-ltx.sty
Package: atveryend-ltx 2020/08/19 v1.0a Emulation of the original atveryend package
with kernel methods
)
\Fld@listcount=\count280
\c@bookmark@seq@number=\count281
(c:/Users/James Lin/AppData/Roaming/TinyTeX/texmf-dist/tex/latex/rerunfilecheck/rerunfilecheck.sty
Package: rerunfilecheck 2019/12/05 v1.9 Rerun checks for auxiliary files (HO)
(c:/Users/James Lin/AppData/Roaming/TinyTeX/texmf-dist/tex/generic/uniquecounter/uniquecounter.sty
Package: uniquecounter 2019/12/15 v1.4 Provide unlimited unique counter (HO)
)
Package uniquecounter Info: New unique counter `rerunfilecheck' on input line 286.
)
\Hy@SectionHShift=\skip52
) (c:/Users/James Lin/AppData/Roaming/TinyTeX/texmf-dist/tex/latex/fancyvrb/fancyvrb.sty
Package: fancyvrb 2022/04/12 4.2 verbatim text (tvz,hv)
\FV@CodeLineNo=\count282
\FV@InFile=\read2
\FV@TabBox=\box52
\c@FancyVerbLine=\count283
\FV@StepNumber=\count284
\FV@OutFile=\write3
) (c:/Users/James Lin/AppData/Roaming/TinyTeX/texmf-dist/tex/latex/framed/framed.sty
Package: framed 2011/10/22 v 0.96: framed or shaded text with page breaks
\OuterFrameSep=\skip53
\fb@frw=\dimen152
\fb@frh=\dimen153
\FrameRule=\dimen154
\FrameSep=\dimen155
) (c:/Users/James Lin/AppData/Roaming/TinyTeX/texmf-dist/tex/latex/graphics/graphicx.sty
Package: graphicx 2021/09/16 v1.2d Enhanced LaTeX Graphics (DPC,SPQR)
(c:/Users/James Lin/AppData/Roaming/TinyTeX/texmf-dist/tex/latex/graphics/graphics.sty
Package: graphics 2021/03/04 v1.4d Standard LaTeX Graphics (DPC,SPQR)
(c:/Users/James Lin/AppData/Roaming/TinyTeX/texmf-dist/tex/latex/graphics/trig.sty
Package: trig 2021/08/11 v1.11 sin cos tan (DPC)
) (c:/Users/James Lin/AppData/Roaming/TinyTeX/texmf-dist/tex/latex/graphics-cfg/graphics.cfg
File: graphics.cfg 2016/06/04 v1.11 sample graphics configuration
)
Package graphics Info: Driver file: pdftex.def on input line 107.
)
\Gin@req@height=\dimen156
\Gin@req@width=\dimen157
) (c:/Users/James Lin/AppData/Roaming/TinyTeX/texmf-dist/tex/latex/l3backend/l3backend-pdftex.def
File: l3backend-pdftex.def 2022-04-20 L3 backend support: PDF output (pdfTeX)
\l__color_backend_stack_int=\count285
\l__pdf_internal_box=\box53
) (./MJ-Book.aux)
\openout1 = `MJ-Book.aux'.

LaTeX Font Info:    Checking defaults for OML/cmm/m/it on input line 110.
LaTeX Font Info:    ... okay on input line 110.
LaTeX Font Info:    Checking defaults for OMS/cmsy/m/n on input line 110.
LaTeX Font Info:    ... okay on input line 110.
LaTeX Font Info:    Checking defaults for OT1/cmr/m/n on input line 110.
LaTeX Font Info:    ... okay on input line 110.
LaTeX Font Info:    Checking defaults for T1/cmr/m/n on input line 110.
LaTeX Font Info:    ... okay on input line 110.
LaTeX Font Info:    Checking defaults for TS1/cmr/m/n on input line 110.
LaTeX Font Info:    ... okay on input line 110.
LaTeX Font Info:    Checking defaults for OMX/cmex/m/n on input line 110.
LaTeX Font Info:    ... okay on input line 110.
LaTeX Font Info:    Checking defaults for U/cmr/m/n on input line 110.
LaTeX Font Info:    ... okay on input line 110.
LaTeX Font Info:    Checking defaults for PD1/pdf/m/n on input line 110.
LaTeX Font Info:    ... okay on input line 110.
LaTeX Font Info:    Checking defaults for PU/pdf/m/n on input line 110.
LaTeX Font Info:    ... okay on input line 110.
(c:/Users/James Lin/AppData/Roaming/TinyTeX/texmf-dist/tex/latex/epstopdf-pkg/epstopdf-base.sty
Package: epstopdf-base 2020-01-24 v2.11 Base part for package epstopdf
Package epstopdf-base Info: Redefining graphics rule for `.eps' on input line 485.
(c:/Users/James Lin/AppData/Roaming/TinyTeX/texmf-dist/tex/latex/latexconfig/epstopdf-sys.cfg
File: epstopdf-sys.cfg 2010/07/13 v1.3 Configuration of (r)epstopdf for TeX Live
))
Package hyperref Info: Link coloring OFF on input line 110.
(c:/Users/James Lin/AppData/Roaming/TinyTeX/texmf-dist/tex/latex/hyperref/nameref.sty
Package: nameref 2021-04-02 v2.47 Cross-referencing by name of section
(c:/Users/James Lin/AppData/Roaming/TinyTeX/texmf-dist/tex/latex/refcount/refcount.sty
Package: refcount 2019/12/15 v3.6 Data extraction from label references (HO)
) (c:/Users/James Lin/AppData/Roaming/TinyTeX/texmf-dist/tex/generic/gettitlestring/gettitlestring.sty
Package: gettitlestring 2019/12/15 v1.6 Cleanup title references (HO)
)
\c@section@level=\count286
)
LaTeX Info: Redefining \ref on input line 110.
LaTeX Info: Redefining \pageref on input line 110.
LaTeX Info: Redefining \nameref on input line 110.
(./MJ-Book.out) (./MJ-Book.out)
\@outlinefile=\write4
\openout4 = `MJ-Book.out'.

LaTeX Font Info:    Trying to load font information for OT1+lmr on input line 113.
(c:/Users/James Lin/AppData/Roaming/TinyTeX/texmf-dist/tex/latex/lm/ot1lmr.fd
File: ot1lmr.fd 2015/05/01 v1.6.1 Font defs for Latin Modern
)
LaTeX Font Info:    Trying to load font information for OML+lmm on input line 113.
(c:/Users/James Lin/AppData/Roaming/TinyTeX/texmf-dist/tex/latex/lm/omllmm.fd
File: omllmm.fd 2015/05/01 v1.6.1 Font defs for Latin Modern
)
LaTeX Font Info:    Trying to load font information for OMS+lmsy on input line 113.
(c:/Users/James Lin/AppData/Roaming/TinyTeX/texmf-dist/tex/latex/lm/omslmsy.fd
File: omslmsy.fd 2015/05/01 v1.6.1 Font defs for Latin Modern
)
LaTeX Font Info:    Trying to load font information for OMX+lmex on input line 113.
(c:/Users/James Lin/AppData/Roaming/TinyTeX/texmf-dist/tex/latex/lm/omxlmex.fd
File: omxlmex.fd 2015/05/01 v1.6.1 Font defs for Latin Modern
)
LaTeX Font Info:    External font `lmex10' loaded for size
(Font)              <12> on input line 113.
LaTeX Font Info:    External font `lmex10' loaded for size
(Font)              <8> on input line 113.
LaTeX Font Info:    External font `lmex10' loaded for size
(Font)              <6> on input line 113.
LaTeX Font Info:    Trying to load font information for U+msa on input line 113.
(c:/Users/James Lin/AppData/Roaming/TinyTeX/texmf-dist/tex/latex/amsfonts/umsa.fd
File: umsa.fd 2013/01/14 v3.01 AMS symbols A
)
LaTeX Font Info:    Trying to load font information for U+msb on input line 113.
(c:/Users/James Lin/AppData/Roaming/TinyTeX/texmf-dist/tex/latex/amsfonts/umsb.fd
File: umsb.fd 2013/01/14 v3.01 AMS symbols B
) [1



{c:/Users/James Lin/AppData/Roaming/TinyTeX/texmf-var/fonts/map/pdftex/updmap/pdftex.map}] [2

]
<mimages/18 3-19-2021.jpg, id=64, 963.6pt x 1798.72pt>
File: mimages/18 3-19-2021.jpg Graphic file (type jpg)
<use mimages/18 3-19-2021.jpg>
Package pdftex.def Info: mimages/18 3-19-2021.jpg  used on input line 123.
(pdftex.def)             Requested size: 294.64009pt x 549.99484pt.

LaTeX Warning: Float too large for page by 23.93927pt on input line 125.

LaTeX Font Info:    Trying to load font information for T1+lmtt on input line 131.
(c:/Users/James Lin/AppData/Roaming/TinyTeX/texmf-dist/tex/latex/lm/t1lmtt.fd
File: t1lmtt.fd 2015/05/01 v1.6.1 Font defs for Latin Modern
) [1

] [2 <./mimages/18 3-19-2021.jpg>]
LaTeX Font Info:    Trying to load font information for TS1+lmtt on input line 154.
(c:/Users/James Lin/AppData/Roaming/TinyTeX/texmf-dist/tex/latex/lm/ts1lmtt.fd
File: ts1lmtt.fd 2015/05/01 v1.6.1 Font defs for Latin Modern
)
<images/manjot kayak.jpg, id=80, 1540.75626pt x 2055.68pt>
File: images/manjot kayak.jpg Graphic file (type jpg)
<use images/manjot kayak.jpg>
Package pdftex.def Info: images/manjot kayak.jpg  used on input line 169.
(pdftex.def)             Requested size: 376.39537pt x 502.18744pt.

Overfull \hbox (31.39537pt too wide) in paragraph at lines 169--170
 [][] 
 []

<mimages/9.1 5-22-2021.jpg, id=81, 4047.12pt x 3035.34pt>
File: mimages/9.1 5-22-2021.jpg Graphic file (type jpg)
<use mimages/9.1 5-22-2021.jpg>
Package pdftex.def Info: mimages/9.1 5-22-2021.jpg  used on input line 175.
(pdftex.def)             Requested size: 376.39063pt x 282.29297pt.

Overfull \hbox (31.39063pt too wide) in paragraph at lines 175--176
 [][] 
 []

[3

] [4 <./images/manjot kayak.jpg>] [5 <./mimages/9.1 5-22-2021.jpg>] [6

]
LaTeX Font Info:    Font shape `T1/lmtt/bx/n' in size <10> not available
(Font)              Font shape `T1/lmtt/b/n' tried instead on input line 185.
<mimages/16 2-16-2021.jpg, id=103, 3035.34pt x 4047.12pt>
File: mimages/16 2-16-2021.jpg Graphic file (type jpg)
<use mimages/16 2-16-2021.jpg>
Package pdftex.def Info: mimages/16 2-16-2021.jpg  used on input line 216.
(pdftex.def)             Requested size: 376.40607pt x 501.87476pt.

Overfull \hbox (31.40607pt too wide) in paragraph at lines 216--217
 [][] 
 []

<mimages/12.1 8-15-2021.jpg, id=104, 4047.12pt x 3035.34pt>
File: mimages/12.1 8-15-2021.jpg Graphic file (type jpg)
<use mimages/12.1 8-15-2021.jpg>
Package pdftex.def Info: mimages/12.1 8-15-2021.jpg  used on input line 222.
(pdftex.def)             Requested size: 376.39063pt x 282.29297pt.

Overfull \hbox (31.39063pt too wide) in paragraph at lines 222--223
 [][] 
 []

<mimages/11.1 7-3-2021.jpg, id=105, 3035.34pt x 4047.12pt>
File: mimages/11.1 7-3-2021.jpg Graphic file (type jpg)
<use mimages/11.1 7-3-2021.jpg>
Package pdftex.def Info: mimages/11.1 7-3-2021.jpg  used on input line 228.
(pdftex.def)             Requested size: 376.40607pt x 501.87476pt.

Overfull \hbox (31.40607pt too wide) in paragraph at lines 228--229
 [][] 
 []

[7] [8 <./mimages/16 2-16-2021.jpg>] [9 <./mimages/12.1 8-15-2021.jpg>] [10 <./mimages/11.1 7-3-2021.jpg>]
<mimages/1 9-2-2020.jpg, id=127, 4047.12pt x 3035.34pt>
File: mimages/1 9-2-2020.jpg Graphic file (type jpg)
<use mimages/1 9-2-2020.jpg>
Package pdftex.def Info: mimages/1 9-2-2020.jpg  used on input line 261.
(pdftex.def)             Requested size: 376.39063pt x 282.29297pt.

Overfull \hbox (31.39063pt too wide) in paragraph at lines 261--262
 [][] 
 []

<mimages/2 9-6-2020.jpg, id=128, 3099.58pt x 2324.685pt>
File: mimages/2 9-6-2020.jpg Graphic file (type jpg)
<use mimages/2 9-6-2020.jpg>
Package pdftex.def Info: mimages/2 9-6-2020.jpg  used on input line 267.
(pdftex.def)             Requested size: 376.37935pt x 282.28452pt.

Overfull \hbox (31.37935pt too wide) in paragraph at lines 267--268
 [][] 
 []

<mimages/13 9-11-2021.jpg, id=129, 2055.68pt x 3654.65375pt>
File: mimages/13 9-11-2021.jpg Graphic file (type jpg)
<use mimages/13 9-11-2021.jpg>
Package pdftex.def Info: mimages/13 9-11-2021.jpg  used on input line 273.
(pdftex.def)             Requested size: 309.34244pt x 549.95891pt.

LaTeX Warning: Float too large for page by 23.90334pt on input line 275.

<mimages/4 10-30-2020.jpg, id=130, 3035.34pt x 4047.12pt>
File: mimages/4 10-30-2020.jpg Graphic file (type jpg)
<use mimages/4 10-30-2020.jpg>
Package pdftex.def Info: mimages/4 10-30-2020.jpg  used on input line 279.
(pdftex.def)             Requested size: 376.40607pt x 501.87476pt.

Overfull \hbox (31.40607pt too wide) in paragraph at lines 279--280
 [][] 
 []

<mimages/14 12-24-2021.jpg, id=131, 3035.34pt x 4047.12pt>
File: mimages/14 12-24-2021.jpg Graphic file (type jpg)
<use mimages/14 12-24-2021.jpg>
Package pdftex.def Info: mimages/14 12-24-2021.jpg  used on input line 285.
(pdftex.def)             Requested size: 376.40607pt x 501.87476pt.

Overfull \hbox (31.40607pt too wide) in paragraph at lines 285--286
 [][] 
 []

<mimages/15 12-31-2021.jpg, id=132, 3035.34pt x 4047.12pt>
File: mimages/15 12-31-2021.jpg Graphic file (type jpg)
<use mimages/15 12-31-2021.jpg>
Package pdftex.def Info: mimages/15 12-31-2021.jpg  used on input line 291.
(pdftex.def)             Requested size: 376.40607pt x 501.87476pt.

Overfull \hbox (31.40607pt too wide) in paragraph at lines 291--292
 [][] 
 []

[11

] [12 <./mimages/1 9-2-2020.jpg>] [13 <./mimages/2 9-6-2020.jpg>] [14 <./mimages/13 9-11-2021.jpg>] [15 <./mimages/4 10-30-2020.jpg>] [16 <./mimages/14 12-24-2021.jpg>] [17 <./mimages/15 12-31-2021.jpg>] [18

]
<mimages/14.1 12-24-2021.jpg, id=175, 2324.685pt x 3099.58pt>
File: mimages/14.1 12-24-2021.jpg Graphic file (type jpg)
<use mimages/14.1 12-24-2021.jpg>
Package pdftex.def Info: mimages/14.1 12-24-2021.jpg  used on input line 333.
(pdftex.def)             Requested size: 376.39117pt x 501.8549pt.

Overfull \hbox (31.39117pt too wide) in paragraph at lines 333--334
 [][] 
 []

<mimages/13.1 9-11-2021.jpg, id=176, 3035.34pt x 4047.12pt>
File: mimages/13.1 9-11-2021.jpg Graphic file (type jpg)
<use mimages/13.1 9-11-2021.jpg>
Package pdftex.def Info: mimages/13.1 9-11-2021.jpg  used on input line 339.
(pdftex.def)             Requested size: 376.40607pt x 501.87476pt.

Overfull \hbox (31.40607pt too wide) in paragraph at lines 339--340
 [][] 
 []

<mimages/17 3-16-2022.jpg, id=177, 963.6pt x 1798.72pt>
File: mimages/17 3-16-2022.jpg Graphic file (type jpg)
<use mimages/17 3-16-2022.jpg>
Package pdftex.def Info: mimages/17 3-16-2022.jpg  used on input line 345.
(pdftex.def)             Requested size: 294.64009pt x 549.99484pt.

LaTeX Warning: Float too large for page by 23.93927pt on input line 347.

<mimages/7 2-16-2021.jpg, id=178, 3035.34pt x 4047.12pt>
File: mimages/7 2-16-2021.jpg Graphic file (type jpg)
<use mimages/7 2-16-2021.jpg>
Package pdftex.def Info: mimages/7 2-16-2021.jpg  used on input line 349.
(pdftex.def)             Requested size: 376.40607pt x 501.87476pt.
<mimages/8.2 4-23-2021.jpg, id=179, 2324.685pt x 3099.58pt>
File: mimages/8.2 4-23-2021.jpg Graphic file (type jpg)
<use mimages/8.2 4-23-2021.jpg>
Package pdftex.def Info: mimages/8.2 4-23-2021.jpg  used on input line 350.
(pdftex.def)             Requested size: 376.39117pt x 501.8549pt.

Overfull \hbox (31.40607pt too wide) in paragraph at lines 349--351
[][]
 []


Overfull \hbox (31.39117pt too wide) in paragraph at lines 349--351
[] 
 []


Underfull \vbox (badness 10000) has occurred while \output is active []

[19] [20 <./mimages/14.1 12-24-2021.jpg>] [21 <./mimages/13.1 9-11-2021.jpg>] [22 <./mimages/17 3-16-2022.jpg>]
Underfull \vbox (badness 10000) has occurred while \output is active []

[23 <./mimages/7 2-16-2021.jpg>] [24 <./mimages/8.2 4-23-2021.jpg>]
<mimages/0.1 4-25-2020.jpg, id=209, 3035.34pt x 4047.12pt>
File: mimages/0.1 4-25-2020.jpg Graphic file (type jpg)
<use mimages/0.1 4-25-2020.jpg>
Package pdftex.def Info: mimages/0.1 4-25-2020.jpg  used on input line 391.
(pdftex.def)             Requested size: 376.40607pt x 501.87476pt.

Overfull \hbox (31.40607pt too wide) in paragraph at lines 391--392
 [][] 
 []

<mimages/3 9-11-2020.jpg, id=210, 3035.34pt x 4047.12pt>
File: mimages/3 9-11-2020.jpg Graphic file (type jpg)
<use mimages/3 9-11-2020.jpg>
Package pdftex.def Info: mimages/3 9-11-2020.jpg  used on input line 397.
(pdftex.def)             Requested size: 376.40607pt x 501.87476pt.

Overfull \hbox (31.40607pt too wide) in paragraph at lines 397--398
 [][] 
 []

<mimages/4.1 11-15-2020.jpg, id=211, 3035.34pt x 4047.12pt>
File: mimages/4.1 11-15-2020.jpg Graphic file (type jpg)
<use mimages/4.1 11-15-2020.jpg>
Package pdftex.def Info: mimages/4.1 11-15-2020.jpg  used on input line 403.
(pdftex.def)             Requested size: 376.40607pt x 501.87476pt.

Overfull \hbox (31.40607pt too wide) in paragraph at lines 403--404
 [][] 
 []

<mimages/9 5-15-2021.jpg, id=212, 3035.34pt x 4047.12pt>
File: mimages/9 5-15-2021.jpg Graphic file (type jpg)
<use mimages/9 5-15-2021.jpg>
Package pdftex.def Info: mimages/9 5-15-2021.jpg  used on input line 409.
(pdftex.def)             Requested size: 376.40607pt x 501.87476pt.

Overfull \hbox (31.40607pt too wide) in paragraph at lines 409--410
 [][] 
 []

[25

] [26 <./mimages/0.1 4-25-2020.jpg>] [27 <./mimages/3 9-11-2020.jpg>] [28 <./mimages/4.1 11-15-2020.jpg>] [29 <./mimages/9 5-15-2021.jpg>] [30

]
<mimages/0 8-27-2019.jpg, id=243, 3035.34pt x 4047.12pt>
File: mimages/0 8-27-2019.jpg Graphic file (type jpg)
<use mimages/0 8-27-2019.jpg>
Package pdftex.def Info: mimages/0 8-27-2019.jpg  used on input line 447.
(pdftex.def)             Requested size: 376.40607pt x 501.87476pt.

Overfull \hbox (31.40607pt too wide) in paragraph at lines 447--448
 [][] 
 []

<mimages/8.3 4-23-2021.jpg, id=244, 3035.34pt x 4047.12pt>
File: mimages/8.3 4-23-2021.jpg Graphic file (type jpg)
<use mimages/8.3 4-23-2021.jpg>
Package pdftex.def Info: mimages/8.3 4-23-2021.jpg  used on input line 453.
(pdftex.def)             Requested size: 376.40607pt x 501.87476pt.

Overfull \hbox (31.40607pt too wide) in paragraph at lines 453--454
 [][] 
 []

<mimages/13.3 10-9-2021.jpg, id=245, 3035.34pt x 4047.12pt>
File: mimages/13.3 10-9-2021.jpg Graphic file (type jpg)
<use mimages/13.3 10-9-2021.jpg>
Package pdftex.def Info: mimages/13.3 10-9-2021.jpg  used on input line 459.
(pdftex.def)             Requested size: 376.40607pt x 501.87476pt.

Overfull \hbox (31.40607pt too wide) in paragraph at lines 459--460
 [][] 
 []

<mimages/15.1 12-31-2021.jpg, id=246, 1445.4pt x 1806.75pt>
File: mimages/15.1 12-31-2021.jpg Graphic file (type jpg)
<use mimages/15.1 12-31-2021.jpg>
Package pdftex.def Info: mimages/15.1 12-31-2021.jpg  used on input line 477.
(pdftex.def)             Requested size: 376.39063pt x 470.48828pt.

Overfull \hbox (31.39063pt too wide) in paragraph at lines 477--478
 [][] 
 []

[31] [32 <./mimages/0 8-27-2019.jpg>] [33 <./mimages/8.3 4-23-2021.jpg>] [34 <./mimages/13.3 10-9-2021.jpg>] [35 <./mimages/15.1 12-31-2021.jpg>]
LaTeX Font Info:    External font `lmex10' loaded for size
(Font)              <10> on input line 487.
LaTeX Font Info:    External font `lmex10' loaded for size
(Font)              <7> on input line 487.
LaTeX Font Info:    External font `lmex10' loaded for size
(Font)              <5> on input line 487.
LaTeX Font Info:    Trying to load font information for TS1+lmr on input line 491.
(c:/Users/James Lin/AppData/Roaming/TinyTeX/texmf-dist/tex/latex/lm/ts1lmr.fd
File: ts1lmr.fd 2015/05/01 v1.6.1 Font defs for Latin Modern
) [36] [37] [38

] (./MJ-Book.aux)
Package rerunfilecheck Info: File `MJ-Book.out' has not changed.
(rerunfilecheck)             Checksum: AD3799CB19F36905D9127A4465458AF4;1390.
 ) 
Here is how much of TeX's memory you used:
 10865 strings out of 480260
 173728 string characters out of 5892357
 448131 words of memory out of 5000000
 28489 multiletter control sequences out of 15000+600000
 526154 words of font info for 73 fonts, out of 8000000 for 9000
 14 hyphenation exceptions out of 8191
 60i,6n,63p,241b,344s stack positions out of 10000i,1000n,20000p,200000b,200000s
{c:/Users/James Lin/AppData/Roaming/TinyTeX/texmf-dist/fonts/enc/dvips/lm/lm-ec.enc}{c:/Users/James Lin/AppData/Roaming/TinyTeX/texmf-dist/fonts/enc/dvips/lm/lm-ts1.enc}<c:/Users/James Lin/AppData/Roaming/TinyTeX/texmf-dist/fonts/type1/public/lm/lmbx10.pfb><c:/Users/James Lin/AppData/Roaming/TinyTeX/texmf-dist/fonts/type1/public/lm/lmbx12.pfb><c:/Users/James Lin/AppData/Roaming/TinyTeX/texmf-dist/fonts/type1/public/lm/lmr10.pfb><c:/Users/James Lin/AppData/Roaming/TinyTeX/texmf-dist/fonts/type1/public/lm/lmr12.pfb><c:/Users/James Lin/AppData/Roaming/TinyTeX/texmf-dist/fonts/type1/public/lm/lmr17.pfb><c:/Users/James Lin/AppData/Roaming/TinyTeX/texmf-dist/fonts/type1/public/lm/lmri10.pfb><c:/Users/James Lin/AppData/Roaming/TinyTeX/texmf-dist/fonts/type1/public/lm/lmro10.pfb><c:/Users/James Lin/AppData/Roaming/TinyTeX/texmf-dist/fonts/type1/public/lm/lmtk10.pfb><c:/Users/James Lin/AppData/Roaming/TinyTeX/texmf-dist/fonts/type1/public/lm/lmtt10.pfb>
Output written on MJ-Book.pdf (40 pages, 30949853 bytes).
PDF statistics:
 366 PDF objects out of 1000 (max. 8388607)
 276 compressed objects within 3 object streams
 90 named destinations out of 1000 (max. 500000)
 222 words of extra memory for PDF output out of 10000 (max. 10000000)

